\BOOKMARK [1][-]{section.1}{Introduction}{}% 1
\BOOKMARK [1][-]{section.2}{Objectives}{}% 2
\BOOKMARK [1][-]{section.3}{Overview}{}% 3
\BOOKMARK [1][-]{section.4}{Mobile app}{}% 4
\BOOKMARK [2][-]{subsection.4.1}{Technology}{section.4}% 5
\BOOKMARK [2][-]{subsection.4.2}{Functionality}{section.4}% 6
\BOOKMARK [3][-]{subsubsection.4.2.1}{Login Page}{subsection.4.2}% 7
\BOOKMARK [3][-]{subsubsection.4.2.2}{Menu}{subsection.4.2}% 8
\BOOKMARK [3][-]{subsubsection.4.2.3}{Browse}{subsection.4.2}% 9
\BOOKMARK [3][-]{subsubsection.4.2.4}{Map}{subsection.4.2}% 10
\BOOKMARK [3][-]{subsubsection.4.2.5}{Offer detail}{subsection.4.2}% 11
\BOOKMARK [3][-]{subsubsection.4.2.6}{Organization\220s profile}{subsection.4.2}% 12
\BOOKMARK [3][-]{subsubsection.4.2.7}{Create an order}{subsection.4.2}% 13
\BOOKMARK [3][-]{subsubsection.4.2.8}{Change an order}{subsection.4.2}% 14
\BOOKMARK [3][-]{subsubsection.4.2.9}{Delete an order}{subsection.4.2}% 15
\BOOKMARK [3][-]{subsubsection.4.2.10}{Messages}{subsection.4.2}% 16
\BOOKMARK [2][-]{subsection.4.3}{Technical aspects}{section.4}% 17
\BOOKMARK [3][-]{subsubsection.4.3.1}{Http service}{subsection.4.3}% 18
\BOOKMARK [3][-]{subsubsection.4.3.2}{User Management}{subsection.4.3}% 19
\BOOKMARK [3][-]{subsubsection.4.3.3}{Multi language}{subsection.4.3}% 20
\BOOKMARK [2][-]{subsection.4.4}{Context awareness}{section.4}% 21
\BOOKMARK [3][-]{subsubsection.4.4.1}{Geofences}{subsection.4.4}% 22
\BOOKMARK [3][-]{subsubsection.4.4.2}{Weather data}{subsection.4.4}% 23
\BOOKMARK [3][-]{subsubsection.4.4.3}{Location service implementation}{subsection.4.4}% 24
\BOOKMARK [2][-]{subsection.4.5}{Token Based Authentication}{section.4}% 25
\BOOKMARK [2][-]{subsection.4.6}{Registration/Login}{section.4}% 26
\BOOKMARK [1][-]{section.5}{Django Backend}{}% 27
\BOOKMARK [2][-]{subsection.5.1}{Technology}{section.5}% 28
\BOOKMARK [2][-]{subsection.5.2}{Models}{section.5}% 29
\BOOKMARK [3][-]{subsubsection.5.2.1}{Allowed methods}{subsection.5.2}% 30
\BOOKMARK [3][-]{subsubsection.5.2.2}{Abstract Component}{subsection.5.2}% 31
\BOOKMARK [3][-]{subsubsection.5.2.3}{Person}{subsection.5.2}% 32
\BOOKMARK [3][-]{subsubsection.5.2.4}{Organization}{subsection.5.2}% 33
\BOOKMARK [3][-]{subsubsection.5.2.5}{Offer}{subsection.5.2}% 34
\BOOKMARK [3][-]{subsubsection.5.2.6}{Order}{subsection.5.2}% 35
\BOOKMARK [3][-]{subsubsection.5.2.7}{Place}{subsection.5.2}% 36
\BOOKMARK [3][-]{subsubsection.5.2.8}{Rating}{subsection.5.2}% 37
\BOOKMARK [2][-]{subsection.5.3}{Permissions and security}{section.5}% 38
\BOOKMARK [1][-]{section.6}{Ruleengine}{}% 39
\BOOKMARK [2][-]{subsection.6.1}{Introduction}{section.6}% 40
\BOOKMARK [2][-]{subsection.6.2}{Technology}{section.6}% 41
\BOOKMARK [2][-]{subsection.6.3}{Components}{section.6}% 42
\BOOKMARK [3][-]{subsubsection.6.3.1}{Triggers}{subsection.6.3}% 43
\BOOKMARK [3][-]{subsubsection.6.3.2}{Enhancers}{subsection.6.3}% 44
\BOOKMARK [3][-]{subsubsection.6.3.3}{Criterias / Filters}{subsection.6.3}% 45
\BOOKMARK [3][-]{subsubsection.6.3.4}{Actions}{subsection.6.3}% 46
\BOOKMARK [2][-]{subsection.6.4}{Architecture overview}{section.6}% 47
\BOOKMARK [2][-]{subsection.6.5}{Logging}{section.6}% 48
\BOOKMARK [2][-]{subsection.6.6}{Extensibility}{section.6}% 49
\BOOKMARK [2][-]{subsection.6.7}{Technical limitations}{section.6}% 50
\BOOKMARK [3][-]{subsubsection.6.7.1}{Performance}{subsection.6.7}% 51
\BOOKMARK [3][-]{subsubsection.6.7.2}{Dependency injection and Single table inheritance}{subsection.6.7}% 52
\BOOKMARK [1][-]{section.7}{Reflection}{}% 53
\BOOKMARK [2][-]{subsection.7.1}{Technology}{section.7}% 54
\BOOKMARK [2][-]{subsection.7.2}{Architecture}{section.7}% 55
\BOOKMARK [1][-]{section*.2}{Appendices}{}% 56
\BOOKMARK [1][-]{Appendix.a.A}{Honesty declaration}{}% 57
